<?xml version="1.0" encoding="UTF-8"?>
<!-- Generated by org.testng.reporters.JUnitXMLReporter -->
<testsuite hostname="DESKTOP-OSH6QQN" ignored="0" name="TC_ID_Verify_Express_Payments_Invalid_PWd_and_BlankPWD" tests="2" failures="0" timestamp="10 May 2021 07:00:11 GMT" time="0.0" errors="0">
  <testcase name="@BeforeClass initializeTestBaseSetup" time="0.0" classname="com.Airpay.InitialSetup.Driver_Setup">
    <failure type="java.lang.NoClassDefFoundError" message="org/openqa/selenium/logging/LoggingHandler">
      <![CDATA[java.lang.NoClassDefFoundError: org/openqa/selenium/logging/LoggingHandler
at com.Airpay.InitialSetup.Driver_Setup.initChromeDriver(Driver_Setup.java:62)
at com.Airpay.InitialSetup.Driver_Setup.setDriver(Driver_Setup.java:37)
at com.Airpay.InitialSetup.Driver_Setup.initializeTestBaseSetup(Driver_Setup.java:123)
at com.Airpay.Utilities.Create_TestNGXML.createXMLfile(Create_TestNGXML.java:145)
Caused by: java.lang.ClassNotFoundException: org.openqa.selenium.logging.LoggingHandler
at java.net.URLClassLoader.findClass(Unknown Source)
at java.lang.ClassLoader.loadClass(Unknown Source)
at sun.misc.Launcher$AppClassLoader.loadClass(Unknown Source)
at java.lang.ClassLoader.loadClass(Unknown Source)
... 51 more
... Removed 47 stack frames]]>
    </failure>
  </testcase> <!-- @BeforeClass initializeTestBaseSetup -->
  <testcase name="setup" time="0.0" classname="com.Airpay.Tests.TC_ID_Verify_Express_Payments_Invalid_PWd_and_BlankPWD">
    <skipped/>
  </testcase> <!-- setup -->
  <testcase name="TC_TestCaseName" time="0.0" classname="com.Airpay.Tests.TC_ID_Verify_Express_Payments_Invalid_PWd_and_BlankPWD">
    <skipped/>
  </testcase> <!-- TC_TestCaseName -->
</testsuite> <!-- TC_ID_Verify_Express_Payments_Invalid_PWd_and_BlankPWD -->
